<?xml version="1.0" encoding="UTF-8"?>
<!-- Generated by org.testng.reporters.JUnitReportReporter -->
<testsuite hostname="Priyankas-MacBook-Pro.local" failures="0" tests="4" name="com.core.framework.tests.BusBookingTest" time="8.769" errors="1" timestamp="19 May 2019 14:35:18 GMT" skipped="0">
  <testcase classname="com.core.framework.tests.BusBookingTest" name="verifyHomePage" time="3.630"/>
  <testcase classname="com.core.framework.tests.BusBookingTest" name="searchBus" time="2.602"/>
  <testcase classname="com.core.framework.tests.BusBookingTest" name="advanceSearch" time="2.320"/>
  <testcase classname="com.core.framework.tests.BusBookingTest" name="selectSeatAndBook" time="0.217">
    <error type="java.lang.ExceptionInInitializerError">
      <![CDATA[java.lang.ExceptionInInitializerError
at org.sikuli.basics.Debug.log(Debug.java:697)
at org.sikuli.basics.Debug.logx(Debug.java:675)
at org.sikuli.script.RunTime.log(RunTime.java:99)
at org.sikuli.script.RunTime.get(RunTime.java:184)
at org.sikuli.script.RunTime.get(RunTime.java:126)
at org.sikuli.script.RunTime.get(RunTime.java:316)
at org.sikuli.script.Region.<clinit>(Region.java:31)
at com.core.framework.pages.SelectBusSeatPage.select2Seats(SelectBusSeatPage.java:70)
at com.core.framework.tests.BusBookingTest.selectSeatAndBook(BusBookingTest.java:77)
at java.base/jdk.internal.reflect.NativeMethodAccessorImpl.invoke0(Native Method)
at java.base/jdk.internal.reflect.NativeMethodAccessorImpl.invoke(NativeMethodAccessorImpl.java:62)
at java.base/jdk.internal.reflect.DelegatingMethodAccessorImpl.invoke(DelegatingMethodAccessorImpl.java:43)
at java.base/java.lang.reflect.Method.invoke(Method.java:567)
at org.testng.internal.MethodInvocationHelper.invokeMethod(MethodInvocationHelper.java:124)
at org.testng.internal.Invoker.invokeMethod(Invoker.java:583)
at org.testng.internal.Invoker.invokeTestMethod(Invoker.java:719)
at org.testng.internal.Invoker.invokeTestMethods(Invoker.java:989)
at org.testng.internal.TestMethodWorker.invokeTestMethods(TestMethodWorker.java:125)
at org.testng.internal.TestMethodWorker.run(TestMethodWorker.java:109)
at org.testng.TestRunner.privateRun(TestRunner.java:648)
at org.testng.TestRunner.run(TestRunner.java:505)
at org.testng.SuiteRunner.runTest(SuiteRunner.java:455)
at org.testng.SuiteRunner.runSequentially(SuiteRunner.java:450)
at org.testng.SuiteRunner.privateRun(SuiteRunner.java:415)
at org.testng.SuiteRunner.run(SuiteRunner.java:364)
at org.testng.SuiteRunnerWorker.runSuite(SuiteRunnerWorker.java:52)
at org.testng.SuiteRunnerWorker.run(SuiteRunnerWorker.java:84)
at org.testng.TestNG.runSuitesSequentially(TestNG.java:1208)
at org.testng.TestNG.runSuitesLocally(TestNG.java:1137)
at org.testng.TestNG.runSuites(TestNG.java:1049)
at org.testng.TestNG.run(TestNG.java:1017)
at org.testng.remote.AbstractRemoteTestNG.run(AbstractRemoteTestNG.java:115)
at org.testng.remote.RemoteTestNG.initAndRun(RemoteTestNG.java:251)
at org.testng.remote.RemoteTestNG.main(RemoteTestNG.java:77)
Caused by: java.lang.NumberFormatException: For input string: "."
at java.base/java.lang.NumberFormatException.forInputString(NumberFormatException.java:68)
at java.base/java.lang.Integer.parseInt(Integer.java:644)
at java.base/java.lang.Integer.parseInt(Integer.java:776)
at org.sikuli.basics.Settings.<clinit>(Settings.java:123)
... 34 more
]]>
    </error>
  </testcase> <!-- selectSeatAndBook -->
</testsuite> <!-- com.core.framework.tests.BusBookingTest -->
